[debug] [2020-12-20T09:26:15.270Z] ----------------------------------------------------------------------
[debug] [2020-12-20T09:26:15.276Z] Command:       C:\Program Files\nodejs\node.exe C:\Users\aakas\AppData\Roaming\npm\node_modules\firebase-tools\lib\bin\firebase.js emulators:start
[debug] [2020-12-20T09:26:15.277Z] CLI Version:   8.18.0
[debug] [2020-12-20T09:26:15.277Z] Platform:      win32
[debug] [2020-12-20T09:26:15.277Z] Node Version:  v14.7.0
[debug] [2020-12-20T09:26:16.719Z] Time:          Sun Dec 20 2020 14:56:15 GMT+0530 (India Standard Time)
[debug] [2020-12-20T09:26:16.719Z] ----------------------------------------------------------------------
[debug] [2020-12-20T09:26:16.720Z] 
[debug] [2020-12-20T09:26:16.772Z] >>> [apiv2][query] GET https://firebase-public.firebaseio.com/cli.json [none]
[debug] [2020-12-20T09:26:16.944Z] > command requires scopes: ["email","openid","https://www.googleapis.com/auth/cloudplatformprojects.readonly","https://www.googleapis.com/auth/firebase","https://www.googleapis.com/auth/cloud-platform"]
[debug] [2020-12-20T09:26:16.947Z] > authorizing via signed-in user
[info] i  emulators: Starting emulators: functions, hosting {"metadata":{"emulator":{"name":"hub"},"message":"Starting emulators: functions, hosting"}}
[debug] [2020-12-20T09:26:17.989Z] <<< [apiv2][status] GET https://firebase-public.firebaseio.com/cli.json 200
[debug] [2020-12-20T09:26:17.990Z] <<< [apiv2][body] GET https://firebase-public.firebaseio.com/cli.json {"cloudBuildErrorAfter":1594252800000,"cloudBuildWarnAfter":1590019200000,"defaultNode10After":1594252800000,"minVersion":"3.0.5","node8DeploysDisabledAfter":1613390400000,"node8RuntimeDisabledAfter":1615809600000,"node8WarnAfter":1600128000000}
[warn] !  emulators: It seems that you are running multiple instances of the emulator suite for project clone-7bbca. This may result in unexpected behavior. 
[debug] [2020-12-20T09:26:19.179Z] [hub] writing locator at C:\Users\aakas\AppData\Local\Temp\hub-clone-7bbca.json
[warn] !  functions: The following emulators are not running, calls to these services from the Functions emulator will affect production: auth, firestore, database, pubsub {"metadata":{"emulator":{"name":"functions"},"message":"The following emulators are not running, calls to these services from the Functions emulator will affect production: \u001b[1mauth, firestore, database, pubsub\u001b[22m"}}
[warn] !  Your requested "node" version "12" doesn't match your global version "14" {"metadata":{"emulator":{"name":"functions"},"message":"Your requested \"node\" version \"12\" doesn't match your global version \"14\""}}
[debug] [2020-12-20T09:26:21.509Z] defaultcredentials: writing to file C:\Users\aakas\AppData\Roaming\firebase\aakash345_ap_gmail.com_application_default_credentials.json
[debug] [2020-12-20T09:26:21.547Z] Setting GAC to C:\Users\aakas\AppData\Roaming\firebase\aakash345_ap_gmail.com_application_default_credentials.json {"metadata":{"emulator":{"name":"functions"},"message":"Setting GAC to C:\\Users\\aakas\\AppData\\Roaming\\firebase\\aakash345_ap_gmail.com_application_default_credentials.json"}}
[debug] [2020-12-20T09:26:23.589Z] > refreshing access token with scopes: ["email","https://www.googleapis.com/auth/cloud-platform","https://www.googleapis.com/auth/cloudplatformprojects.readonly","https://www.googleapis.com/auth/firebase","openid"]
[debug] [2020-12-20T09:26:23.589Z] >>> HTTP REQUEST POST https://www.googleapis.com/oauth2/v3/token  
 <request body omitted>
[debug] [2020-12-20T09:26:23.785Z] <<< HTTP RESPONSE 200 {"expires":"Mon, 01 Jan 1990 00:00:00 GMT","date":"Sun, 20 Dec 2020 09:26:23 GMT","pragma":"no-cache","cache-control":"no-cache, no-store, max-age=0, must-revalidate","content-type":"application/json; charset=utf-8","vary":"X-Origin, Referer, Origin,Accept-Encoding","server":"scaffolding on HTTPServer2","x-xss-protection":"0","x-frame-options":"SAMEORIGIN","x-content-type-options":"nosniff","alt-svc":"h3-29=\":443\"; ma=2592000,h3-T051=\":443\"; ma=2592000,h3-Q050=\":443\"; ma=2592000,h3-Q046=\":443\"; ma=2592000,h3-Q043=\":443\"; ma=2592000,quic=\":443\"; ma=2592000; v=\"46,43\"","accept-ranges":"none","transfer-encoding":"chunked"}
[debug] [2020-12-20T09:26:24.054Z] >>> HTTP REQUEST GET https://firebase.googleapis.com/v1beta1/projects/clone-7bbca/webApps/-/config  
 
[debug] [2020-12-20T09:26:25.344Z] <<< HTTP RESPONSE 200 {"content-type":"application/json; charset=UTF-8","vary":"X-Origin, Referer, Origin,Accept-Encoding","date":"Sun, 20 Dec 2020 09:26:25 GMT","server":"ESF","cache-control":"private","x-xss-protection":"0","x-frame-options":"SAMEORIGIN","x-content-type-options":"nosniff","alt-svc":"h3-29=\":443\"; ma=2592000,h3-T051=\":443\"; ma=2592000,h3-Q050=\":443\"; ma=2592000,h3-Q046=\":443\"; ma=2592000,h3-Q043=\":443\"; ma=2592000,quic=\":443\"; ma=2592000; v=\"46,43\"","accept-ranges":"none","transfer-encoding":"chunked"}
[info] i  hosting: Serving hosting files from: build {"metadata":{"emulator":{"name":"hosting"},"message":"Serving hosting files from: \u001b[1mbuild\u001b[22m"}}
[info] +  hosting: Local server: http://localhost:5000 {"metadata":{"emulator":{"name":"hosting"},"message":"Local server: \u001b[4m\u001b[1mhttp://localhost:5000\u001b[22m\u001b[24m"}}
[debug] [2020-12-20T09:26:30.194Z] Ignoring unsupported arg: auto_download {"metadata":{"emulator":{"name":"ui"},"message":"Ignoring unsupported arg: auto_download"}}
[debug] [2020-12-20T09:26:30.196Z] Ignoring unsupported arg: port {"metadata":{"emulator":{"name":"ui"},"message":"Ignoring unsupported arg: port"}}
[debug] [2020-12-20T09:26:30.196Z] Starting Emulator UI with command {"binary":"node","args":["C:\\Users\\aakas\\.cache\\firebase\\emulators\\ui-v1.3.0\\server.bundle.js"],"optionalArgs":[],"joinArgs":false} {"metadata":{"emulator":{"name":"ui"},"message":"Starting Emulator UI with command {\"binary\":\"node\",\"args\":[\"C:\\\\Users\\\\aakas\\\\.cache\\\\firebase\\\\emulators\\\\ui-v1.3.0\\\\server.bundle.js\"],\"optionalArgs\":[],\"joinArgs\":false}"}}
[info] i  ui: Emulator UI logging to ui-debug.log {"metadata":{"emulator":{"name":"ui"},"message":"Emulator UI logging to \u001b[1mui-debug.log\u001b[22m"}}
[debug] [2020-12-20T09:26:31.088Z] Web / API server started at http://localhost:4000
 {"metadata":{"emulator":{"name":"ui"},"message":"Web / API server started at http://localhost:4000\n"}}
[info] i  functions: Watching "E:\ReactMainprojects\amazon-clone\functions" for Cloud Functions... {"metadata":{"emulator":{"name":"functions"},"message":"Watching \"E:\\ReactMainprojects\\amazon-clone\\functions\" for Cloud Functions..."}}
[debug] [2020-12-20T09:26:31.487Z] [worker-pool] addWorker(~diagnostic~) {"metadata":{"emulator":{"name":"functions"},"message":"[worker-pool] addWorker(~diagnostic~)"}}
[debug] [2020-12-20T09:26:31.488Z] [worker-pool] Adding worker with key ~diagnostic~, total=1 {"metadata":{"emulator":{"name":"functions"},"message":"[worker-pool] Adding worker with key ~diagnostic~, total=1"}}
[debug] [2020-12-20T09:26:31.488Z] [worker-pool] submitWork(triggerId=) {"metadata":{"emulator":{"name":"functions"},"message":"[worker-pool] submitWork(triggerId=)"}}
[debug] [2020-12-20T09:26:31.489Z] [worker-~diagnostic~-8f0c7de7-eace-4d8e-8359-5e761d1beb13]: Assigning socketPath: \\?\pipe\E:\ReactMainprojects\amazon-clone\functions\6764 {"metadata":{"emulator":{"name":"functions"},"message":"[worker-~diagnostic~-8f0c7de7-eace-4d8e-8359-5e761d1beb13]: Assigning socketPath: \\\\?\\pipe\\E:\\ReactMainprojects\\amazon-clone\\functions\\6764"}}
[debug] [2020-12-20T09:26:31.490Z] [worker-~diagnostic~-8f0c7de7-eace-4d8e-8359-5e761d1beb13]: BUSY {"metadata":{"emulator":{"name":"functions"},"message":"[worker-~diagnostic~-8f0c7de7-eace-4d8e-8359-5e761d1beb13]: BUSY"}}
[debug] [2020-12-20T09:26:31.832Z] [runtime-status] [6764] Functions runtime initialized. {"cwd":"E:\\ReactMainprojects\\amazon-clone\\functions","node_version":"14.7.0"} {"metadata":{"emulator":{"name":"functions"},"message":"[runtime-status] [6764] Functions runtime initialized. {\"cwd\":\"E:\\\\ReactMainprojects\\\\amazon-clone\\\\functions\",\"node_version\":\"14.7.0\"}"}}
[debug] [2020-12-20T09:26:31.835Z] [runtime-status] [6764] Disabled runtime features: undefined {"metadata":{"emulator":{"name":"functions"},"message":"[runtime-status] [6764] Disabled runtime features: undefined"}}
[debug] [2020-12-20T09:26:32.064Z] [runtime-status] [6764] Resolved module firebase-admin {"declared":true,"installed":true,"version":"9.4.2","resolution":"E:\\ReactMainprojects\\amazon-clone\\functions\\node_modules\\firebase-admin\\lib\\index.js"} {"metadata":{"emulator":{"name":"functions"},"message":"[runtime-status] [6764] Resolved module firebase-admin {\"declared\":true,\"installed\":true,\"version\":\"9.4.2\",\"resolution\":\"E:\\\\ReactMainprojects\\\\amazon-clone\\\\functions\\\\node_modules\\\\firebase-admin\\\\lib\\\\index.js\"}"}}
[debug] [2020-12-20T09:26:32.218Z] [runtime-status] [6764] Resolved module firebase-functions {"declared":true,"installed":true,"version":"3.13.0","resolution":"E:\\ReactMainprojects\\amazon-clone\\functions\\node_modules\\firebase-functions\\lib\\index.js"} {"metadata":{"emulator":{"name":"functions"},"message":"[runtime-status] [6764] Resolved module firebase-functions {\"declared\":true,\"installed\":true,\"version\":\"3.13.0\",\"resolution\":\"E:\\\\ReactMainprojects\\\\amazon-clone\\\\functions\\\\node_modules\\\\firebase-functions\\\\lib\\\\index.js\"}"}}
[debug] [2020-12-20T09:26:32.221Z] [runtime-status] [6764] Resolved module firebase-functions {"declared":true,"installed":true,"version":"3.13.0","resolution":"E:\\ReactMainprojects\\amazon-clone\\functions\\node_modules\\firebase-functions\\lib\\index.js"} {"metadata":{"emulator":{"name":"functions"},"message":"[runtime-status] [6764] Resolved module firebase-functions {\"declared\":true,\"installed\":true,\"version\":\"3.13.0\",\"resolution\":\"E:\\\\ReactMainprojects\\\\amazon-clone\\\\functions\\\\node_modules\\\\firebase-functions\\\\lib\\\\index.js\"}"}}
[debug] [2020-12-20T09:26:32.223Z] [runtime-status] [6764] Outgoing network have been stubbed. [{"name":"http","status":"mocked"},{"name":"http","status":"mocked"},{"name":"https","status":"mocked"},{"name":"https","status":"mocked"},{"name":"net","status":"mocked"}] {"metadata":{"emulator":{"name":"functions"},"message":"[runtime-status] [6764] Outgoing network have been stubbed. [{\"name\":\"http\",\"status\":\"mocked\"},{\"name\":\"http\",\"status\":\"mocked\"},{\"name\":\"https\",\"status\":\"mocked\"},{\"name\":\"https\",\"status\":\"mocked\"},{\"name\":\"net\",\"status\":\"mocked\"}]"}}
[debug] [2020-12-20T09:26:32.224Z] [runtime-status] [6764] Resolved module firebase-functions {"declared":true,"installed":true,"version":"3.13.0","resolution":"E:\\ReactMainprojects\\amazon-clone\\functions\\node_modules\\firebase-functions\\lib\\index.js"} {"metadata":{"emulator":{"name":"functions"},"message":"[runtime-status] [6764] Resolved module firebase-functions {\"declared\":true,\"installed\":true,\"version\":\"3.13.0\",\"resolution\":\"E:\\\\ReactMainprojects\\\\amazon-clone\\\\functions\\\\node_modules\\\\firebase-functions\\\\lib\\\\index.js\"}"}}
[debug] [2020-12-20T09:26:33.996Z] [runtime-status] [6764] Checked functions.config() {"config":{}} {"metadata":{"emulator":{"name":"functions"},"message":"[runtime-status] [6764] Checked functions.config() {\"config\":{}}"}}
[debug] [2020-12-20T09:26:33.998Z] [runtime-status] [6764] firebase-functions has been stubbed. {"functionsResolution":{"declared":true,"installed":true,"version":"3.13.0","resolution":"E:\\ReactMainprojects\\amazon-clone\\functions\\node_modules\\firebase-functions\\lib\\index.js"}} {"metadata":{"emulator":{"name":"functions"},"message":"[runtime-status] [6764] firebase-functions has been stubbed. {\"functionsResolution\":{\"declared\":true,\"installed\":true,\"version\":\"3.13.0\",\"resolution\":\"E:\\\\ReactMainprojects\\\\amazon-clone\\\\functions\\\\node_modules\\\\firebase-functions\\\\lib\\\\index.js\"}}"}}
[debug] [2020-12-20T09:26:34.001Z] [runtime-status] [6764] Resolved module firebase-functions {"declared":true,"installed":true,"version":"3.13.0","resolution":"E:\\ReactMainprojects\\amazon-clone\\functions\\node_modules\\firebase-functions\\lib\\index.js"} {"metadata":{"emulator":{"name":"functions"},"message":"[runtime-status] [6764] Resolved module firebase-functions {\"declared\":true,\"installed\":true,\"version\":\"3.13.0\",\"resolution\":\"E:\\\\ReactMainprojects\\\\amazon-clone\\\\functions\\\\node_modules\\\\firebase-functions\\\\lib\\\\index.js\"}"}}
[debug] [2020-12-20T09:26:34.006Z] [runtime-status] [6764] Resolved module firebase-admin {"declared":true,"installed":true,"version":"9.4.2","resolution":"E:\\ReactMainprojects\\amazon-clone\\functions\\node_modules\\firebase-admin\\lib\\index.js"} {"metadata":{"emulator":{"name":"functions"},"message":"[runtime-status] [6764] Resolved module firebase-admin {\"declared\":true,\"installed\":true,\"version\":\"9.4.2\",\"resolution\":\"E:\\\\ReactMainprojects\\\\amazon-clone\\\\functions\\\\node_modules\\\\firebase-admin\\\\lib\\\\index.js\"}"}}
[debug] [2020-12-20T09:26:34.009Z] [runtime-status] [6764] Resolved module firebase-functions {"declared":true,"installed":true,"version":"3.13.0","resolution":"E:\\ReactMainprojects\\amazon-clone\\functions\\node_modules\\firebase-functions\\lib\\index.js"} {"metadata":{"emulator":{"name":"functions"},"message":"[runtime-status] [6764] Resolved module firebase-functions {\"declared\":true,\"installed\":true,\"version\":\"3.13.0\",\"resolution\":\"E:\\\\ReactMainprojects\\\\amazon-clone\\\\functions\\\\node_modules\\\\firebase-functions\\\\lib\\\\index.js\"}"}}
[debug] [2020-12-20T09:26:34.010Z] [runtime-status] [6764] firebase-admin has been stubbed. {"adminResolution":{"declared":true,"installed":true,"version":"9.4.2","resolution":"E:\\ReactMainprojects\\amazon-clone\\functions\\node_modules\\firebase-admin\\lib\\index.js"}} {"metadata":{"emulator":{"name":"functions"},"message":"[runtime-status] [6764] firebase-admin has been stubbed. {\"adminResolution\":{\"declared\":true,\"installed\":true,\"version\":\"9.4.2\",\"resolution\":\"E:\\\\ReactMainprojects\\\\amazon-clone\\\\functions\\\\node_modules\\\\firebase-admin\\\\lib\\\\index.js\"}}"}}
[info] +  functions[api]: http function initialized (http://localhost:5001/clone-7bbca/us-central1/api). {"metadata":{"emulator":{"name":"functions"},"message":"\u001b[1mhttp\u001b[22m function initialized (http://localhost:5001/clone-7bbca/us-central1/api)."}}
[info] 
┌────────────────────────────────────────────────────────────────┐
│ ✔  All emulators ready! View status and logs at localhost:4000 │
└────────────────────────────────────────────────────────────────┘

┌───────────┬────────────────┬──────────────────────────┐
│ Emulator  │ Host:Port      │ View in Emulator UI      │
├───────────┼────────────────┼──────────────────────────┤
│ Functions │ localhost:5001 │ localhost:4000/functions │
├───────────┼────────────────┼──────────────────────────┤
│ Hosting   │ localhost:5000 │ n/a                      │
└───────────┴────────────────┴──────────────────────────┘
  Other reserved ports: 4400, 4500

Issues? Report them at https://github.com/firebase/firebase-tools/issues and attach the *-debug.log files.
 
[debug] [2020-12-20T09:26:39.854Z] [worker-~diagnostic~-8f0c7de7-eace-4d8e-8359-5e761d1beb13]: IDLE {"metadata":{"emulator":{"name":"functions"},"message":"[worker-~diagnostic~-8f0c7de7-eace-4d8e-8359-5e761d1beb13]: IDLE"}}
[debug] [2021-01-21T14:51:02.152Z] ----------------------------------------------------------------------
[debug] [2021-01-21T14:51:02.176Z] Command:       C:\Program Files\nodejs\node.exe C:\Users\aakas\AppData\Roaming\npm\node_modules\firebase-tools\lib\bin\firebase.js emulators:start
[debug] [2021-01-21T14:51:02.177Z] CLI Version:   8.18.0
[debug] [2021-01-21T14:51:02.178Z] Platform:      win32
[debug] [2021-01-21T14:51:02.178Z] Node Version:  v14.7.0
[debug] [2021-01-21T14:51:03.288Z] Time:          Thu Jan 21 2021 20:21:02 GMT+0530 (India Standard Time)
[debug] [2021-01-21T14:51:03.288Z] ----------------------------------------------------------------------
[debug] [2021-01-21T14:51:03.289Z] 
[debug] [2021-01-21T14:51:03.352Z] >>> [apiv2][query] GET https://firebase-public.firebaseio.com/cli.json [none]
[debug] [2021-01-21T14:51:04.359Z] > command requires scopes: ["email","openid","https://www.googleapis.com/auth/cloudplatformprojects.readonly","https://www.googleapis.com/auth/firebase","https://www.googleapis.com/auth/cloud-platform"]
[debug] [2021-01-21T14:51:04.364Z] > authorizing via signed-in user
[info] i  emulators: Starting emulators: functions, hosting {"metadata":{"emulator":{"name":"hub"},"message":"Starting emulators: functions, hosting"}}
[debug] [2021-01-21T14:51:06.235Z] <<< [apiv2][status] GET https://firebase-public.firebaseio.com/cli.json 200
[debug] [2021-01-21T14:51:06.236Z] <<< [apiv2][body] GET https://firebase-public.firebaseio.com/cli.json {"cloudBuildErrorAfter":1594252800000,"cloudBuildWarnAfter":1590019200000,"defaultNode10After":1594252800000,"minVersion":"3.0.5","node8DeploysDisabledAfter":1613390400000,"node8RuntimeDisabledAfter":1615809600000,"node8WarnAfter":1600128000000}
[debug] [2021-01-21T14:51:06.885Z] [hub] writing locator at C:\Users\aakas\AppData\Local\Temp\hub-clone-7bbca.json
[warn] !  functions: The following emulators are not running, calls to these services from the Functions emulator will affect production: auth, firestore, database, pubsub {"metadata":{"emulator":{"name":"functions"},"message":"The following emulators are not running, calls to these services from the Functions emulator will affect production: \u001b[1mauth, firestore, database, pubsub\u001b[22m"}}
[warn] !  Your requested "node" version "12" doesn't match your global version "14" {"metadata":{"emulator":{"name":"functions"},"message":"Your requested \"node\" version \"12\" doesn't match your global version \"14\""}}
[debug] [2021-01-21T14:51:09.188Z] defaultcredentials: writing to file C:\Users\aakas\AppData\Roaming\firebase\aakash345_ap_gmail.com_application_default_credentials.json
[debug] [2021-01-21T14:51:09.198Z] Setting GAC to C:\Users\aakas\AppData\Roaming\firebase\aakash345_ap_gmail.com_application_default_credentials.json {"metadata":{"emulator":{"name":"functions"},"message":"Setting GAC to C:\\Users\\aakas\\AppData\\Roaming\\firebase\\aakash345_ap_gmail.com_application_default_credentials.json"}}
[debug] [2021-01-21T14:51:11.288Z] > refreshing access token with scopes: ["email","https://www.googleapis.com/auth/cloud-platform","https://www.googleapis.com/auth/cloudplatformprojects.readonly","https://www.googleapis.com/auth/firebase","openid"]
[debug] [2021-01-21T14:51:11.289Z] >>> HTTP REQUEST POST https://www.googleapis.com/oauth2/v3/token  
 <request body omitted>
[debug] [2021-01-21T14:51:11.484Z] <<< HTTP RESPONSE 200 {"pragma":"no-cache","cache-control":"no-cache, no-store, max-age=0, must-revalidate","date":"Thu, 21 Jan 2021 14:51:11 GMT","expires":"Mon, 01 Jan 1990 00:00:00 GMT","content-type":"application/json; charset=utf-8","vary":"X-Origin, Referer, Origin,Accept-Encoding","server":"scaffolding on HTTPServer2","x-xss-protection":"0","x-frame-options":"SAMEORIGIN","x-content-type-options":"nosniff","alt-svc":"h3-29=\":443\"; ma=2592000,h3-T051=\":443\"; ma=2592000,h3-Q050=\":443\"; ma=2592000,h3-Q046=\":443\"; ma=2592000,h3-Q043=\":443\"; ma=2592000,quic=\":443\"; ma=2592000; v=\"46,43\"","accept-ranges":"none","transfer-encoding":"chunked"}
[debug] [2021-01-21T14:51:11.635Z] >>> HTTP REQUEST GET https://firebase.googleapis.com/v1beta1/projects/clone-7bbca/webApps/-/config  
 
[debug] [2021-01-21T14:51:12.984Z] <<< HTTP RESPONSE 200 {"content-type":"application/json; charset=UTF-8","vary":"X-Origin, Referer, Origin,Accept-Encoding","date":"Thu, 21 Jan 2021 14:51:12 GMT","server":"ESF","cache-control":"private","x-xss-protection":"0","x-frame-options":"SAMEORIGIN","x-content-type-options":"nosniff","alt-svc":"h3-29=\":443\"; ma=2592000,h3-T051=\":443\"; ma=2592000,h3-Q050=\":443\"; ma=2592000,h3-Q046=\":443\"; ma=2592000,h3-Q043=\":443\"; ma=2592000,quic=\":443\"; ma=2592000; v=\"46,43\"","accept-ranges":"none","transfer-encoding":"chunked"}
[info] i  hosting: Serving hosting files from: build {"metadata":{"emulator":{"name":"hosting"},"message":"Serving hosting files from: \u001b[1mbuild\u001b[22m"}}
[info] +  hosting: Local server: http://localhost:5000 {"metadata":{"emulator":{"name":"hosting"},"message":"Local server: \u001b[4m\u001b[1mhttp://localhost:5000\u001b[22m\u001b[24m"}}
[debug] [2021-01-21T14:51:17.458Z] Ignoring unsupported arg: auto_download {"metadata":{"emulator":{"name":"ui"},"message":"Ignoring unsupported arg: auto_download"}}
[debug] [2021-01-21T14:51:17.458Z] Ignoring unsupported arg: port {"metadata":{"emulator":{"name":"ui"},"message":"Ignoring unsupported arg: port"}}
[debug] [2021-01-21T14:51:17.459Z] Starting Emulator UI with command {"binary":"node","args":["C:\\Users\\aakas\\.cache\\firebase\\emulators\\ui-v1.3.0\\server.bundle.js"],"optionalArgs":[],"joinArgs":false} {"metadata":{"emulator":{"name":"ui"},"message":"Starting Emulator UI with command {\"binary\":\"node\",\"args\":[\"C:\\\\Users\\\\aakas\\\\.cache\\\\firebase\\\\emulators\\\\ui-v1.3.0\\\\server.bundle.js\"],\"optionalArgs\":[],\"joinArgs\":false}"}}
[info] i  ui: Emulator UI logging to ui-debug.log {"metadata":{"emulator":{"name":"ui"},"message":"Emulator UI logging to \u001b[1mui-debug.log\u001b[22m"}}
[debug] [2021-01-21T14:51:18.748Z] Web / API server started at http://localhost:4000
 {"metadata":{"emulator":{"name":"ui"},"message":"Web / API server started at http://localhost:4000\n"}}
[info] i  functions: Watching "E:\ReactMainprojects\amazon-clone\functions" for Cloud Functions... {"metadata":{"emulator":{"name":"functions"},"message":"Watching \"E:\\ReactMainprojects\\amazon-clone\\functions\" for Cloud Functions..."}}
[debug] [2021-01-21T14:51:19.439Z] [worker-pool] addWorker(~diagnostic~) {"metadata":{"emulator":{"name":"functions"},"message":"[worker-pool] addWorker(~diagnostic~)"}}
[debug] [2021-01-21T14:51:19.439Z] [worker-pool] Adding worker with key ~diagnostic~, total=1 {"metadata":{"emulator":{"name":"functions"},"message":"[worker-pool] Adding worker with key ~diagnostic~, total=1"}}
[debug] [2021-01-21T14:51:19.440Z] [worker-pool] submitWork(triggerId=) {"metadata":{"emulator":{"name":"functions"},"message":"[worker-pool] submitWork(triggerId=)"}}
[debug] [2021-01-21T14:51:19.441Z] [worker-~diagnostic~-de15f378-e54f-4452-b63f-32a21dda2290]: Assigning socketPath: \\?\pipe\E:\ReactMainprojects\amazon-clone\functions\6612 {"metadata":{"emulator":{"name":"functions"},"message":"[worker-~diagnostic~-de15f378-e54f-4452-b63f-32a21dda2290]: Assigning socketPath: \\\\?\\pipe\\E:\\ReactMainprojects\\amazon-clone\\functions\\6612"}}
[debug] [2021-01-21T14:51:19.442Z] [worker-~diagnostic~-de15f378-e54f-4452-b63f-32a21dda2290]: BUSY {"metadata":{"emulator":{"name":"functions"},"message":"[worker-~diagnostic~-de15f378-e54f-4452-b63f-32a21dda2290]: BUSY"}}
[debug] [2021-01-21T14:51:23.717Z] [runtime-status] [6612] Functions runtime initialized. {"cwd":"E:\\ReactMainprojects\\amazon-clone\\functions","node_version":"14.7.0"} {"metadata":{"emulator":{"name":"functions"},"message":"[runtime-status] [6612] Functions runtime initialized. {\"cwd\":\"E:\\\\ReactMainprojects\\\\amazon-clone\\\\functions\",\"node_version\":\"14.7.0\"}"}}
[debug] [2021-01-21T14:51:23.720Z] [runtime-status] [6612] Disabled runtime features: undefined {"metadata":{"emulator":{"name":"functions"},"message":"[runtime-status] [6612] Disabled runtime features: undefined"}}
[debug] [2021-01-21T14:51:23.762Z] [runtime-status] [6612] Resolved module firebase-admin {"declared":true,"installed":true,"version":"9.4.2","resolution":"E:\\ReactMainprojects\\amazon-clone\\functions\\node_modules\\firebase-admin\\lib\\index.js"} {"metadata":{"emulator":{"name":"functions"},"message":"[runtime-status] [6612] Resolved module firebase-admin {\"declared\":true,\"installed\":true,\"version\":\"9.4.2\",\"resolution\":\"E:\\\\ReactMainprojects\\\\amazon-clone\\\\functions\\\\node_modules\\\\firebase-admin\\\\lib\\\\index.js\"}"}}
[debug] [2021-01-21T14:51:23.780Z] [runtime-status] [6612] Resolved module firebase-functions {"declared":true,"installed":true,"version":"3.13.0","resolution":"E:\\ReactMainprojects\\amazon-clone\\functions\\node_modules\\firebase-functions\\lib\\index.js"} {"metadata":{"emulator":{"name":"functions"},"message":"[runtime-status] [6612] Resolved module firebase-functions {\"declared\":true,\"installed\":true,\"version\":\"3.13.0\",\"resolution\":\"E:\\\\ReactMainprojects\\\\amazon-clone\\\\functions\\\\node_modules\\\\firebase-functions\\\\lib\\\\index.js\"}"}}
[debug] [2021-01-21T14:51:23.784Z] [runtime-status] [6612] Resolved module firebase-functions {"declared":true,"installed":true,"version":"3.13.0","resolution":"E:\\ReactMainprojects\\amazon-clone\\functions\\node_modules\\firebase-functions\\lib\\index.js"} {"metadata":{"emulator":{"name":"functions"},"message":"[runtime-status] [6612] Resolved module firebase-functions {\"declared\":true,\"installed\":true,\"version\":\"3.13.0\",\"resolution\":\"E:\\\\ReactMainprojects\\\\amazon-clone\\\\functions\\\\node_modules\\\\firebase-functions\\\\lib\\\\index.js\"}"}}
[debug] [2021-01-21T14:51:23.787Z] [runtime-status] [6612] Outgoing network have been stubbed. [{"name":"http","status":"mocked"},{"name":"http","status":"mocked"},{"name":"https","status":"mocked"},{"name":"https","status":"mocked"},{"name":"net","status":"mocked"}] {"metadata":{"emulator":{"name":"functions"},"message":"[runtime-status] [6612] Outgoing network have been stubbed. [{\"name\":\"http\",\"status\":\"mocked\"},{\"name\":\"http\",\"status\":\"mocked\"},{\"name\":\"https\",\"status\":\"mocked\"},{\"name\":\"https\",\"status\":\"mocked\"},{\"name\":\"net\",\"status\":\"mocked\"}]"}}
[debug] [2021-01-21T14:51:23.788Z] [runtime-status] [6612] Resolved module firebase-functions {"declared":true,"installed":true,"version":"3.13.0","resolution":"E:\\ReactMainprojects\\amazon-clone\\functions\\node_modules\\firebase-functions\\lib\\index.js"} {"metadata":{"emulator":{"name":"functions"},"message":"[runtime-status] [6612] Resolved module firebase-functions {\"declared\":true,\"installed\":true,\"version\":\"3.13.0\",\"resolution\":\"E:\\\\ReactMainprojects\\\\amazon-clone\\\\functions\\\\node_modules\\\\firebase-functions\\\\lib\\\\index.js\"}"}}
[debug] [2021-01-21T14:51:24.667Z] [runtime-status] [6612] Checked functions.config() {"config":{}} {"metadata":{"emulator":{"name":"functions"},"message":"[runtime-status] [6612] Checked functions.config() {\"config\":{}}"}}
[debug] [2021-01-21T14:51:24.668Z] [runtime-status] [6612] firebase-functions has been stubbed. {"functionsResolution":{"declared":true,"installed":true,"version":"3.13.0","resolution":"E:\\ReactMainprojects\\amazon-clone\\functions\\node_modules\\firebase-functions\\lib\\index.js"}} {"metadata":{"emulator":{"name":"functions"},"message":"[runtime-status] [6612] firebase-functions has been stubbed. {\"functionsResolution\":{\"declared\":true,\"installed\":true,\"version\":\"3.13.0\",\"resolution\":\"E:\\\\ReactMainprojects\\\\amazon-clone\\\\functions\\\\node_modules\\\\firebase-functions\\\\lib\\\\index.js\"}}"}}
[debug] [2021-01-21T14:51:24.669Z] [runtime-status] [6612] Resolved module firebase-functions {"declared":true,"installed":true,"version":"3.13.0","resolution":"E:\\ReactMainprojects\\amazon-clone\\functions\\node_modules\\firebase-functions\\lib\\index.js"} {"metadata":{"emulator":{"name":"functions"},"message":"[runtime-status] [6612] Resolved module firebase-functions {\"declared\":true,\"installed\":true,\"version\":\"3.13.0\",\"resolution\":\"E:\\\\ReactMainprojects\\\\amazon-clone\\\\functions\\\\node_modules\\\\firebase-functions\\\\lib\\\\index.js\"}"}}
[debug] [2021-01-21T14:51:24.672Z] [runtime-status] [6612] Resolved module firebase-admin {"declared":true,"installed":true,"version":"9.4.2","resolution":"E:\\ReactMainprojects\\amazon-clone\\functions\\node_modules\\firebase-admin\\lib\\index.js"} {"metadata":{"emulator":{"name":"functions"},"message":"[runtime-status] [6612] Resolved module firebase-admin {\"declared\":true,\"installed\":true,\"version\":\"9.4.2\",\"resolution\":\"E:\\\\ReactMainprojects\\\\amazon-clone\\\\functions\\\\node_modules\\\\firebase-admin\\\\lib\\\\index.js\"}"}}
[debug] [2021-01-21T14:51:24.674Z] [runtime-status] [6612] Resolved module firebase-functions {"declared":true,"installed":true,"version":"3.13.0","resolution":"E:\\ReactMainprojects\\amazon-clone\\functions\\node_modules\\firebase-functions\\lib\\index.js"} {"metadata":{"emulator":{"name":"functions"},"message":"[runtime-status] [6612] Resolved module firebase-functions {\"declared\":true,\"installed\":true,\"version\":\"3.13.0\",\"resolution\":\"E:\\\\ReactMainprojects\\\\amazon-clone\\\\functions\\\\node_modules\\\\firebase-functions\\\\lib\\\\index.js\"}"}}
[debug] [2021-01-21T14:51:24.674Z] [runtime-status] [6612] firebase-admin has been stubbed. {"adminResolution":{"declared":true,"installed":true,"version":"9.4.2","resolution":"E:\\ReactMainprojects\\amazon-clone\\functions\\node_modules\\firebase-admin\\lib\\index.js"}} {"metadata":{"emulator":{"name":"functions"},"message":"[runtime-status] [6612] firebase-admin has been stubbed. {\"adminResolution\":{\"declared\":true,\"installed\":true,\"version\":\"9.4.2\",\"resolution\":\"E:\\\\ReactMainprojects\\\\amazon-clone\\\\functions\\\\node_modules\\\\firebase-admin\\\\lib\\\\index.js\"}}"}}
[info] +  functions[api]: http function initialized (http://localhost:5001/clone-7bbca/us-central1/api). {"metadata":{"emulator":{"name":"functions"},"message":"\u001b[1mhttp\u001b[22m function initialized (http://localhost:5001/clone-7bbca/us-central1/api)."}}
[info] 
┌────────────────────────────────────────────────────────────────┐
│ ✔  All emulators ready! View status and logs at localhost:4000 │
└────────────────────────────────────────────────────────────────┘

┌───────────┬────────────────┬──────────────────────────┐
│ Emulator  │ Host:Port      │ View in Emulator UI      │
├───────────┼────────────────┼──────────────────────────┤
│ Functions │ localhost:5001 │ localhost:4000/functions │
├───────────┼────────────────┼──────────────────────────┤
│ Hosting   │ localhost:5000 │ n/a                      │
└───────────┴────────────────┴──────────────────────────┘
  Other reserved ports: 4400, 4500

Issues? Report them at https://github.com/firebase/firebase-tools/issues and attach the *-debug.log files.
 
[debug] [2021-01-21T14:51:28.753Z] [worker-~diagnostic~-de15f378-e54f-4452-b63f-32a21dda2290]: IDLE {"metadata":{"emulator":{"name":"functions"},"message":"[worker-~diagnostic~-de15f378-e54f-4452-b63f-32a21dda2290]: IDLE"}}
[debug] [2021-01-21T14:52:34.551Z] [work-queue] {"queueLength":1,"workRunningCount":0}
[debug] [2021-01-21T14:52:34.551Z] [work-queue] {"queueLength":0,"workRunningCount":1}
[debug] [2021-01-21T14:52:34.554Z] Accepted request GET /clone-7bbca/us-central1/api --> api
[debug] [2021-01-21T14:52:34.561Z] [worker-pool] addWorker(api) {"metadata":{"emulator":{"name":"functions"},"message":"[worker-pool] addWorker(api)"}}
[debug] [2021-01-21T14:52:34.562Z] [worker-pool] Adding worker with key api, total=1 {"metadata":{"emulator":{"name":"functions"},"message":"[worker-pool] Adding worker with key api, total=1"}}
[debug] [2021-01-21T14:52:34.562Z] [worker-pool] submitWork(triggerId=api) {"metadata":{"emulator":{"name":"functions"},"message":"[worker-pool] submitWork(triggerId=api)"}}
[debug] [2021-01-21T14:52:34.563Z] [worker-api-7cc901b1-48c9-4aa0-90b1-264b9d4e4e5a]: Assigning socketPath: \\?\pipe\E:\ReactMainprojects\amazon-clone\functions\7620 {"metadata":{"emulator":{"name":"functions"},"message":"[worker-api-7cc901b1-48c9-4aa0-90b1-264b9d4e4e5a]: Assigning socketPath: \\\\?\\pipe\\E:\\ReactMainprojects\\amazon-clone\\functions\\7620"}}
[debug] [2021-01-21T14:52:34.563Z] [worker-api-7cc901b1-48c9-4aa0-90b1-264b9d4e4e5a]: BUSY {"metadata":{"emulator":{"name":"functions"},"message":"[worker-api-7cc901b1-48c9-4aa0-90b1-264b9d4e4e5a]: BUSY"}}
[debug] [2021-01-21T14:52:35.011Z] [runtime-status] [7620] Functions runtime initialized. {"cwd":"E:\\ReactMainprojects\\amazon-clone\\functions","node_version":"14.7.0"} {"metadata":{"emulator":{"name":"functions"},"function":{"name":"api"},"message":"[runtime-status] [7620] Functions runtime initialized. {\"cwd\":\"E:\\\\ReactMainprojects\\\\amazon-clone\\\\functions\",\"node_version\":\"14.7.0\"}"}}
[debug] [2021-01-21T14:52:35.016Z] [runtime-status] [7620] Disabled runtime features: undefined {"metadata":{"emulator":{"name":"functions"},"function":{"name":"api"},"message":"[runtime-status] [7620] Disabled runtime features: undefined"}}
[debug] [2021-01-21T14:52:35.021Z] [runtime-status] [7620] Resolved module firebase-admin {"declared":true,"installed":true,"version":"9.4.2","resolution":"E:\\ReactMainprojects\\amazon-clone\\functions\\node_modules\\firebase-admin\\lib\\index.js"} {"metadata":{"emulator":{"name":"functions"},"function":{"name":"api"},"message":"[runtime-status] [7620] Resolved module firebase-admin {\"declared\":true,\"installed\":true,\"version\":\"9.4.2\",\"resolution\":\"E:\\\\ReactMainprojects\\\\amazon-clone\\\\functions\\\\node_modules\\\\firebase-admin\\\\lib\\\\index.js\"}"}}
[debug] [2021-01-21T14:52:35.024Z] [runtime-status] [7620] Resolved module firebase-functions {"declared":true,"installed":true,"version":"3.13.0","resolution":"E:\\ReactMainprojects\\amazon-clone\\functions\\node_modules\\firebase-functions\\lib\\index.js"} {"metadata":{"emulator":{"name":"functions"},"function":{"name":"api"},"message":"[runtime-status] [7620] Resolved module firebase-functions {\"declared\":true,\"installed\":true,\"version\":\"3.13.0\",\"resolution\":\"E:\\\\ReactMainprojects\\\\amazon-clone\\\\functions\\\\node_modules\\\\firebase-functions\\\\lib\\\\index.js\"}"}}
[debug] [2021-01-21T14:52:35.026Z] [runtime-status] [7620] Resolved module firebase-functions {"declared":true,"installed":true,"version":"3.13.0","resolution":"E:\\ReactMainprojects\\amazon-clone\\functions\\node_modules\\firebase-functions\\lib\\index.js"} {"metadata":{"emulator":{"name":"functions"},"function":{"name":"api"},"message":"[runtime-status] [7620] Resolved module firebase-functions {\"declared\":true,\"installed\":true,\"version\":\"3.13.0\",\"resolution\":\"E:\\\\ReactMainprojects\\\\amazon-clone\\\\functions\\\\node_modules\\\\firebase-functions\\\\lib\\\\index.js\"}"}}
[debug] [2021-01-21T14:52:35.029Z] [runtime-status] [7620] Outgoing network have been stubbed. [{"name":"http","status":"mocked"},{"name":"http","status":"mocked"},{"name":"https","status":"mocked"},{"name":"https","status":"mocked"},{"name":"net","status":"mocked"}] {"metadata":{"emulator":{"name":"functions"},"function":{"name":"api"},"message":"[runtime-status] [7620] Outgoing network have been stubbed. [{\"name\":\"http\",\"status\":\"mocked\"},{\"name\":\"http\",\"status\":\"mocked\"},{\"name\":\"https\",\"status\":\"mocked\"},{\"name\":\"https\",\"status\":\"mocked\"},{\"name\":\"net\",\"status\":\"mocked\"}]"}}
[debug] [2021-01-21T14:52:35.030Z] [runtime-status] [7620] Resolved module firebase-functions {"declared":true,"installed":true,"version":"3.13.0","resolution":"E:\\ReactMainprojects\\amazon-clone\\functions\\node_modules\\firebase-functions\\lib\\index.js"} {"metadata":{"emulator":{"name":"functions"},"function":{"name":"api"},"message":"[runtime-status] [7620] Resolved module firebase-functions {\"declared\":true,\"installed\":true,\"version\":\"3.13.0\",\"resolution\":\"E:\\\\ReactMainprojects\\\\amazon-clone\\\\functions\\\\node_modules\\\\firebase-functions\\\\lib\\\\index.js\"}"}}
[debug] [2021-01-21T14:52:35.106Z] [runtime-status] [7620] Checked functions.config() {"config":{}} {"metadata":{"emulator":{"name":"functions"},"function":{"name":"api"},"message":"[runtime-status] [7620] Checked functions.config() {\"config\":{}}"}}
[debug] [2021-01-21T14:52:35.106Z] [runtime-status] [7620] firebase-functions has been stubbed. {"functionsResolution":{"declared":true,"installed":true,"version":"3.13.0","resolution":"E:\\ReactMainprojects\\amazon-clone\\functions\\node_modules\\firebase-functions\\lib\\index.js"}} {"metadata":{"emulator":{"name":"functions"},"function":{"name":"api"},"message":"[runtime-status] [7620] firebase-functions has been stubbed. {\"functionsResolution\":{\"declared\":true,\"installed\":true,\"version\":\"3.13.0\",\"resolution\":\"E:\\\\ReactMainprojects\\\\amazon-clone\\\\functions\\\\node_modules\\\\firebase-functions\\\\lib\\\\index.js\"}}"}}
[debug] [2021-01-21T14:52:35.107Z] [runtime-status] [7620] Resolved module firebase-functions {"declared":true,"installed":true,"version":"3.13.0","resolution":"E:\\ReactMainprojects\\amazon-clone\\functions\\node_modules\\firebase-functions\\lib\\index.js"} {"metadata":{"emulator":{"name":"functions"},"function":{"name":"api"},"message":"[runtime-status] [7620] Resolved module firebase-functions {\"declared\":true,\"installed\":true,\"version\":\"3.13.0\",\"resolution\":\"E:\\\\ReactMainprojects\\\\amazon-clone\\\\functions\\\\node_modules\\\\firebase-functions\\\\lib\\\\index.js\"}"}}
[debug] [2021-01-21T14:52:35.109Z] [runtime-status] [7620] Resolved module firebase-admin {"declared":true,"installed":true,"version":"9.4.2","resolution":"E:\\ReactMainprojects\\amazon-clone\\functions\\node_modules\\firebase-admin\\lib\\index.js"} {"metadata":{"emulator":{"name":"functions"},"function":{"name":"api"},"message":"[runtime-status] [7620] Resolved module firebase-admin {\"declared\":true,\"installed\":true,\"version\":\"9.4.2\",\"resolution\":\"E:\\\\ReactMainprojects\\\\amazon-clone\\\\functions\\\\node_modules\\\\firebase-admin\\\\lib\\\\index.js\"}"}}
[debug] [2021-01-21T14:52:35.110Z] [runtime-status] [7620] Resolved module firebase-functions {"declared":true,"installed":true,"version":"3.13.0","resolution":"E:\\ReactMainprojects\\amazon-clone\\functions\\node_modules\\firebase-functions\\lib\\index.js"} {"metadata":{"emulator":{"name":"functions"},"function":{"name":"api"},"message":"[runtime-status] [7620] Resolved module firebase-functions {\"declared\":true,\"installed\":true,\"version\":\"3.13.0\",\"resolution\":\"E:\\\\ReactMainprojects\\\\amazon-clone\\\\functions\\\\node_modules\\\\firebase-functions\\\\lib\\\\index.js\"}"}}
[debug] [2021-01-21T14:52:35.110Z] [runtime-status] [7620] firebase-admin has been stubbed. {"adminResolution":{"declared":true,"installed":true,"version":"9.4.2","resolution":"E:\\ReactMainprojects\\amazon-clone\\functions\\node_modules\\firebase-admin\\lib\\index.js"}} {"metadata":{"emulator":{"name":"functions"},"function":{"name":"api"},"message":"[runtime-status] [7620] firebase-admin has been stubbed. {\"adminResolution\":{\"declared\":true,\"installed\":true,\"version\":\"9.4.2\",\"resolution\":\"E:\\\\ReactMainprojects\\\\amazon-clone\\\\functions\\\\node_modules\\\\firebase-admin\\\\lib\\\\index.js\"}}"}}
[debug] [2021-01-21T14:52:35.363Z] [runtime-status] [7620] Trigger "api" has been found, beginning invocation! {"metadata":{"emulator":{"name":"functions"},"function":{"name":"api"},"message":"[runtime-status] [7620] Trigger \"api\" has been found, beginning invocation!"}}
[info] i  functions: Beginning execution of "api" {"metadata":{"emulator":{"name":"functions"},"function":{"name":"api"},"message":"Beginning execution of \"api\""}}
[debug] [2021-01-21T14:52:35.365Z] [runtime-status] [7620] triggerDefinition {"httpsTrigger":{},"name":"api","entryPoint":"api"} {"metadata":{"emulator":{"name":"functions"},"function":{"name":"api"},"message":"[runtime-status] [7620] triggerDefinition {\"httpsTrigger\":{},\"name\":\"api\",\"entryPoint\":\"api\"}"}}
[debug] [2021-01-21T14:52:35.366Z] [runtime-status] [7620] Running api in mode HTTPS {"metadata":{"emulator":{"name":"functions"},"function":{"name":"api"},"message":"[runtime-status] [7620] Running api in mode HTTPS"}}
[debug] [2021-01-21T14:52:35.372Z] [runtime-status] [7620] Attempting to listen to socketPath: \\?\pipe\E:\ReactMainprojects\amazon-clone\functions\7620 {"metadata":{"emulator":{"name":"functions"},"function":{"name":"api"},"message":"[runtime-status] [7620] Attempting to listen to socketPath: \\\\?\\pipe\\E:\\ReactMainprojects\\amazon-clone\\functions\\7620"}}
[debug] [2021-01-21T14:52:35.378Z] [functions] Runtime ready! Sending request! {"metadata":{"emulator":{"name":"functions"},"message":"[functions] Runtime ready! Sending request!"}}
[debug] [2021-01-21T14:52:35.403Z] [runtime-status] [7620] Ephemeral server handling GET request {"metadata":{"emulator":{"name":"functions"},"function":{"name":"api"},"message":"[runtime-status] [7620] Ephemeral server handling GET request"}}
[debug] [2021-01-21T14:52:36.325Z] [runtime-status] [7620] Ephemeral server survived. {"metadata":{"emulator":{"name":"functions"},"function":{"name":"api"},"message":"[runtime-status] [7620] Ephemeral server survived."}}
[info] i  functions: Finished "api" in ~1s {"metadata":{"emulator":{"name":"functions"},"function":{"name":"api"},"message":"Finished \"api\" in ~1s"}}
[debug] [2021-01-21T14:52:36.331Z] [worker-api-7cc901b1-48c9-4aa0-90b1-264b9d4e4e5a]: IDLE {"metadata":{"emulator":{"name":"functions"},"message":"[worker-api-7cc901b1-48c9-4aa0-90b1-264b9d4e4e5a]: IDLE"}}
[debug] [2021-01-21T14:52:36.331Z] [work-queue] {"queueLength":0,"workRunningCount":0}
[debug] [2021-01-21T14:52:38.353Z] Functions emulator received unknown request at path /favicon.ico
[debug] [2021-01-21T15:14:21.362Z] [work-queue] {"queueLength":1,"workRunningCount":0}
[debug] [2021-01-21T15:14:21.459Z] [work-queue] {"queueLength":0,"workRunningCount":1}
[debug] [2021-01-21T15:14:21.459Z] Accepted request POST /clone-7bbca/us-central1/api/payments/create?total=25096 --> api
[debug] [2021-01-21T15:14:21.483Z] [worker-pool] submitWork(triggerId=api) {"metadata":{"emulator":{"name":"functions"},"message":"[worker-pool] submitWork(triggerId=api)"}}
[debug] [2021-01-21T15:14:21.483Z] [worker-api-7cc901b1-48c9-4aa0-90b1-264b9d4e4e5a]: Assigning socketPath: \\?\pipe\E:\ReactMainprojects\amazon-clone\functions\7620 {"metadata":{"emulator":{"name":"functions"},"message":"[worker-api-7cc901b1-48c9-4aa0-90b1-264b9d4e4e5a]: Assigning socketPath: \\\\?\\pipe\\E:\\ReactMainprojects\\amazon-clone\\functions\\7620"}}
[debug] [2021-01-21T15:14:21.484Z] [worker-api-7cc901b1-48c9-4aa0-90b1-264b9d4e4e5a]: BUSY {"metadata":{"emulator":{"name":"functions"},"message":"[worker-api-7cc901b1-48c9-4aa0-90b1-264b9d4e4e5a]: BUSY"}}
[debug] [2021-01-21T15:14:21.588Z] [runtime-status] [7620] Trigger "api" has been found, beginning invocation! {"metadata":{"emulator":{"name":"functions"},"function":{"name":"api"},"message":"[runtime-status] [7620] Trigger \"api\" has been found, beginning invocation!"}}
[info] i  functions: Beginning execution of "api" {"metadata":{"emulator":{"name":"functions"},"function":{"name":"api"},"message":"Beginning execution of \"api\""}}
[debug] [2021-01-21T15:14:21.651Z] [runtime-status] [7620] triggerDefinition {"httpsTrigger":{},"name":"api","entryPoint":"api"} {"metadata":{"emulator":{"name":"functions"},"function":{"name":"api"},"message":"[runtime-status] [7620] triggerDefinition {\"httpsTrigger\":{},\"name\":\"api\",\"entryPoint\":\"api\"}"}}
[debug] [2021-01-21T15:14:21.717Z] [runtime-status] [7620] Running api in mode HTTPS {"metadata":{"emulator":{"name":"functions"},"function":{"name":"api"},"message":"[runtime-status] [7620] Running api in mode HTTPS"}}
[debug] [2021-01-21T15:14:21.718Z] [runtime-status] [7620] Attempting to listen to socketPath: \\?\pipe\E:\ReactMainprojects\amazon-clone\functions\7620 {"metadata":{"emulator":{"name":"functions"},"function":{"name":"api"},"message":"[runtime-status] [7620] Attempting to listen to socketPath: \\\\?\\pipe\\E:\\ReactMainprojects\\amazon-clone\\functions\\7620"}}
[debug] [2021-01-21T15:14:21.735Z] [functions] Runtime ready! Sending request! {"metadata":{"emulator":{"name":"functions"},"message":"[functions] Runtime ready! Sending request!"}}
[debug] [2021-01-21T15:14:22.306Z] [runtime-status] [7620] Ephemeral server handling POST request {"metadata":{"emulator":{"name":"functions"},"function":{"name":"api"},"message":"[runtime-status] [7620] Ephemeral server handling POST request"}}
[info] >  Payment request recieved BOOM!!! for this ammount >>>  25096 {"user":"Payment request recieved BOOM!!! for this ammount >>>  25096","metadata":{"emulator":{"name":"functions"},"function":{"name":"api"},"message":"\u001b[90m> \u001b[39m Payment request recieved BOOM!!! for this ammount >>>  25096"}}
[debug] [2021-01-21T15:14:22.821Z] [runtime-status] [7620] Ephemeral server survived. {"metadata":{"emulator":{"name":"functions"},"function":{"name":"api"},"message":"[runtime-status] [7620] Ephemeral server survived."}}
[info] i  functions: Finished "api" in ~3s {"metadata":{"emulator":{"name":"functions"},"function":{"name":"api"},"message":"Finished \"api\" in ~3s"}}
[debug] [2021-01-21T15:14:24.616Z] [worker-api-7cc901b1-48c9-4aa0-90b1-264b9d4e4e5a]: IDLE {"metadata":{"emulator":{"name":"functions"},"message":"[worker-api-7cc901b1-48c9-4aa0-90b1-264b9d4e4e5a]: IDLE"}}
[debug] [2021-01-21T15:14:24.617Z] [work-queue] {"queueLength":0,"workRunningCount":0}
[debug] [2021-01-21T15:14:42.673Z] [work-queue] {"queueLength":1,"workRunningCount":0}
[debug] [2021-01-21T15:14:42.674Z] [work-queue] {"queueLength":0,"workRunningCount":1}
[debug] [2021-01-21T15:14:42.675Z] Accepted request POST /clone-7bbca/us-central1/api/payments/create?total=0 --> api
[debug] [2021-01-21T15:14:42.675Z] [worker-pool] submitWork(triggerId=api) {"metadata":{"emulator":{"name":"functions"},"message":"[worker-pool] submitWork(triggerId=api)"}}
[debug] [2021-01-21T15:14:42.675Z] [worker-api-7cc901b1-48c9-4aa0-90b1-264b9d4e4e5a]: Assigning socketPath: \\?\pipe\E:\ReactMainprojects\amazon-clone\functions\7620 {"metadata":{"emulator":{"name":"functions"},"message":"[worker-api-7cc901b1-48c9-4aa0-90b1-264b9d4e4e5a]: Assigning socketPath: \\\\?\\pipe\\E:\\ReactMainprojects\\amazon-clone\\functions\\7620"}}
[debug] [2021-01-21T15:14:42.676Z] [worker-api-7cc901b1-48c9-4aa0-90b1-264b9d4e4e5a]: BUSY {"metadata":{"emulator":{"name":"functions"},"message":"[worker-api-7cc901b1-48c9-4aa0-90b1-264b9d4e4e5a]: BUSY"}}
[debug] [2021-01-21T15:14:42.677Z] [runtime-status] [7620] Trigger "api" has been found, beginning invocation! {"metadata":{"emulator":{"name":"functions"},"function":{"name":"api"},"message":"[runtime-status] [7620] Trigger \"api\" has been found, beginning invocation!"}}
[info] i  functions: Beginning execution of "api" {"metadata":{"emulator":{"name":"functions"},"function":{"name":"api"},"message":"Beginning execution of \"api\""}}
[debug] [2021-01-21T15:14:42.681Z] [runtime-status] [7620] triggerDefinition {"httpsTrigger":{},"name":"api","entryPoint":"api"} {"metadata":{"emulator":{"name":"functions"},"function":{"name":"api"},"message":"[runtime-status] [7620] triggerDefinition {\"httpsTrigger\":{},\"name\":\"api\",\"entryPoint\":\"api\"}"}}
[debug] [2021-01-21T15:14:42.682Z] [runtime-status] [7620] Running api in mode HTTPS {"metadata":{"emulator":{"name":"functions"},"function":{"name":"api"},"message":"[runtime-status] [7620] Running api in mode HTTPS"}}
[debug] [2021-01-21T15:14:42.684Z] [runtime-status] [7620] Attempting to listen to socketPath: \\?\pipe\E:\ReactMainprojects\amazon-clone\functions\7620 {"metadata":{"emulator":{"name":"functions"},"function":{"name":"api"},"message":"[runtime-status] [7620] Attempting to listen to socketPath: \\\\?\\pipe\\E:\\ReactMainprojects\\amazon-clone\\functions\\7620"}}
[debug] [2021-01-21T15:14:42.687Z] [functions] Runtime ready! Sending request! {"metadata":{"emulator":{"name":"functions"},"message":"[functions] Runtime ready! Sending request!"}}
[debug] [2021-01-21T15:14:42.711Z] [runtime-status] [7620] Ephemeral server handling POST request {"metadata":{"emulator":{"name":"functions"},"function":{"name":"api"},"message":"[runtime-status] [7620] Ephemeral server handling POST request"}}
[info] >  Payment request recieved BOOM!!! for this ammount >>>  0 {"user":"Payment request recieved BOOM!!! for this ammount >>>  0","metadata":{"emulator":{"name":"functions"},"function":{"name":"api"},"message":"\u001b[90m> \u001b[39m Payment request recieved BOOM!!! for this ammount >>>  0"}}
[debug] [2021-01-21T15:14:42.734Z] [runtime-status] [7620] Ephemeral server survived. {"metadata":{"emulator":{"name":"functions"},"function":{"name":"api"},"message":"[runtime-status] [7620] Ephemeral server survived."}}
[info] >  (node:7620) UnhandledPromiseRejectionWarning: Error: This value must be greater than or equal to 1. {"user":"(node:7620) UnhandledPromiseRejectionWarning: Error: This value must be greater than or equal to 1.","metadata":{"emulator":{"name":"functions"},"function":{"name":"api"},"message":"\u001b[90m> \u001b[39m (node:7620) UnhandledPromiseRejectionWarning: Error: This value must be greater than or equal to 1."}}
[info] >      at Function.generate (E:\ReactMainprojects\amazon-clone\functions\node_modules\stripe\lib\Error.js:40:16) {"user":"    at Function.generate (E:\\ReactMainprojects\\amazon-clone\\functions\\node_modules\\stripe\\lib\\Error.js:40:16)","metadata":{"emulator":{"name":"functions"},"function":{"name":"api"},"message":"\u001b[90m> \u001b[39m     at Function.generate (E:\\ReactMainprojects\\amazon-clone\\functions\\node_modules\\stripe\\lib\\Error.js:40:16)"}}
[info] >      at IncomingMessage.<anonymous> (E:\ReactMainprojects\amazon-clone\functions\node_modules\stripe\lib\StripeResource.js:190:33) {"user":"    at IncomingMessage.<anonymous> (E:\\ReactMainprojects\\amazon-clone\\functions\\node_modules\\stripe\\lib\\StripeResource.js:190:33)","metadata":{"emulator":{"name":"functions"},"function":{"name":"api"},"message":"\u001b[90m> \u001b[39m     at IncomingMessage.<anonymous> (E:\\ReactMainprojects\\amazon-clone\\functions\\node_modules\\stripe\\lib\\StripeResource.js:190:33)"}}
[info] >      at Object.onceWrapper (events.js:420:28) {"user":"    at Object.onceWrapper (events.js:420:28)","metadata":{"emulator":{"name":"functions"},"function":{"name":"api"},"message":"\u001b[90m> \u001b[39m     at Object.onceWrapper (events.js:420:28)"}}
[info] >      at IncomingMessage.emit (events.js:326:22) {"user":"    at IncomingMessage.emit (events.js:326:22)","metadata":{"emulator":{"name":"functions"},"function":{"name":"api"},"message":"\u001b[90m> \u001b[39m     at IncomingMessage.emit (events.js:326:22)"}}
[info] >      at endReadableNT (_stream_readable.js:1244:12) {"user":"    at endReadableNT (_stream_readable.js:1244:12)","metadata":{"emulator":{"name":"functions"},"function":{"name":"api"},"message":"\u001b[90m> \u001b[39m     at endReadableNT (_stream_readable.js:1244:12)"}}
[info] >      at processTicksAndRejections (internal/process/task_queues.js:80:21) {"user":"    at processTicksAndRejections (internal/process/task_queues.js:80:21)","metadata":{"emulator":{"name":"functions"},"function":{"name":"api"},"message":"\u001b[90m> \u001b[39m     at processTicksAndRejections (internal/process/task_queues.js:80:21)"}}
[info] >  (Use `node --trace-warnings ...` to show where the warning was created) {"user":"(Use `node --trace-warnings ...` to show where the warning was created)","metadata":{"emulator":{"name":"functions"},"function":{"name":"api"},"message":"\u001b[90m> \u001b[39m (Use `node --trace-warnings ...` to show where the warning was created)"}}
[info] >  (node:7620) UnhandledPromiseRejectionWarning: Unhandled promise rejection. This error originated either by throwing inside of an async function without a catch block, or by rejecting a promise which was not handled with .catch(). To terminate the node process on unhandled promise rejection, use the CLI flag `--unhandled-rejections=strict` (see https://nodejs.org/api/cli.html#cli_unhandled_rejections_mode). (rejection id: 1) {"user":"(node:7620) UnhandledPromiseRejectionWarning: Unhandled promise rejection. This error originated either by throwing inside of an async function without a catch block, or by rejecting a promise which was not handled with .catch(). To terminate the node process on unhandled promise rejection, use the CLI flag `--unhandled-rejections=strict` (see https://nodejs.org/api/cli.html#cli_unhandled_rejections_mode). (rejection id: 1)","metadata":{"emulator":{"name":"functions"},"function":{"name":"api"},"message":"\u001b[90m> \u001b[39m (node:7620) UnhandledPromiseRejectionWarning: Unhandled promise rejection. This error originated either by throwing inside of an async function without a catch block, or by rejecting a promise which was not handled with .catch(). To terminate the node process on unhandled promise rejection, use the CLI flag `--unhandled-rejections=strict` (see https://nodejs.org/api/cli.html#cli_unhandled_rejections_mode). (rejection id: 1)"}}
[info] >  (node:7620) [DEP0018] DeprecationWarning: Unhandled promise rejections are deprecated. In the future, promise rejections that are not handled will terminate the Node.js process with a non-zero exit code. {"user":"(node:7620) [DEP0018] DeprecationWarning: Unhandled promise rejections are deprecated. In the future, promise rejections that are not handled will terminate the Node.js process with a non-zero exit code.","metadata":{"emulator":{"name":"functions"},"function":{"name":"api"},"message":"\u001b[90m> \u001b[39m (node:7620) [DEP0018] DeprecationWarning: Unhandled promise rejections are deprecated. In the future, promise rejections that are not handled will terminate the Node.js process with a non-zero exit code."}}
[warn] !  functions: Your function timed out after ~60s. To configure this timeout, see
      https://firebase.google.com/docs/functions/manage-functions#set_timeout_and_memory_allocation. {"metadata":{"emulator":{"name":"functions"},"function":{"name":"api"},"message":"Your function timed out after ~60s. To configure this timeout, see\n      https://firebase.google.com/docs/functions/manage-functions#set_timeout_and_memory_allocation."}}
[info] >  C:\Users\aakas\AppData\Roaming\npm\node_modules\firebase-tools\lib\emulator\functionsEmulatorRuntime.js:668 {"user":"C:\\Users\\aakas\\AppData\\Roaming\\npm\\node_modules\\firebase-tools\\lib\\emulator\\functionsEmulatorRuntime.js:668\r","metadata":{"emulator":{"name":"functions"},"function":{"name":"api"},"message":"\u001b[90m> \u001b[39m C:\\Users\\aakas\\AppData\\Roaming\\npm\\node_modules\\firebase-tools\\lib\\emulator\\functionsEmulatorRuntime.js:668\r"}}
[info] >                  throw new Error("Function timed out."); {"user":"                throw new Error(\"Function timed out.\");\r","metadata":{"emulator":{"name":"functions"},"function":{"name":"api"},"message":"\u001b[90m> \u001b[39m                 throw new Error(\"Function timed out.\");\r"}}
[info] >                  ^ {"user":"                ^\r","metadata":{"emulator":{"name":"functions"},"function":{"name":"api"},"message":"\u001b[90m> \u001b[39m                 ^\r"}}
[info] >   {"user":"\r","metadata":{"emulator":{"name":"functions"},"function":{"name":"api"},"message":"\u001b[90m> \u001b[39m \r"}}
[info] >  Error: Function timed out. {"user":"Error: Function timed out.\r","metadata":{"emulator":{"name":"functions"},"function":{"name":"api"},"message":"\u001b[90m> \u001b[39m Error: Function timed out.\r"}}
[info] >      at Timeout._onTimeout (C:\Users\aakas\AppData\Roaming\npm\node_modules\firebase-tools\lib\emulator\functionsEmulatorRuntime.js:668:23) {"user":"    at Timeout._onTimeout (C:\\Users\\aakas\\AppData\\Roaming\\npm\\node_modules\\firebase-tools\\lib\\emulator\\functionsEmulatorRuntime.js:668:23)\r","metadata":{"emulator":{"name":"functions"},"function":{"name":"api"},"message":"\u001b[90m> \u001b[39m     at Timeout._onTimeout (C:\\Users\\aakas\\AppData\\Roaming\\npm\\node_modules\\firebase-tools\\lib\\emulator\\functionsEmulatorRuntime.js:668:23)\r"}}
[info] >      at listOnTimeout (internal/timers.js:551:17) {"user":"    at listOnTimeout (internal/timers.js:551:17)\r","metadata":{"emulator":{"name":"functions"},"function":{"name":"api"},"message":"\u001b[90m> \u001b[39m     at listOnTimeout (internal/timers.js:551:17)\r"}}
[info] >      at processTimers (internal/timers.js:494:7) {"user":"    at processTimers (internal/timers.js:494:7)\r","metadata":{"emulator":{"name":"functions"},"function":{"name":"api"},"message":"\u001b[90m> \u001b[39m     at processTimers (internal/timers.js:494:7)\r"}}
[debug] [2021-01-21T15:15:43.105Z] [worker-api-7cc901b1-48c9-4aa0-90b1-264b9d4e4e5a]: exited {"metadata":{"emulator":{"name":"functions"},"message":"[worker-api-7cc901b1-48c9-4aa0-90b1-264b9d4e4e5a]: exited"}}
[debug] [2021-01-21T15:15:43.106Z] [worker-api-7cc901b1-48c9-4aa0-90b1-264b9d4e4e5a]: FINISHED {"metadata":{"emulator":{"name":"functions"},"message":"[worker-api-7cc901b1-48c9-4aa0-90b1-264b9d4e4e5a]: FINISHED"}}
[debug] [2021-01-21T15:15:43.107Z] [work-queue] {"queueLength":0,"workRunningCount":0}
